<?xml version="1.0" encoding="UTF-8"?>
<!-- Generated by org.testng.reporters.JUnitXMLReporter -->
<testsuite hostname="Emtiaz-Surface" name="Command line test" tests="5" failures="0" timestamp="21 May 2016 16:27:00 GMT" time="74.64" errors="0">
  <testcase name="Facebook" time="12.094" classname="zTest.SmokeTest"/>
  <testcase name="Google" time="14.56" classname="zTest.SmokeTest"/>
  <testcase name="Yahoo" time="11.53" classname="zTest.SmokeTest"/>
  <testcase name="bbc" time="22.223" classname="zTest.SmokeTest"/>
  <testcase name="msn" time="14.21" classname="zTest.SmokeTest"/>
</testsuite> <!-- Command line test -->
