<?xml version="1.0" encoding="UTF-8"?>
<testng-results skipped="0" failed="0" total="5" passed="5">
  <reporter-output>
  </reporter-output>
  <suite name="zTest.SmokeTest" duration-ms="74640" started-at="2016-05-21T16:25:46Z" finished-at="2016-05-21T16:27:00Z">
    <groups>
    </groups>
    <test name="Command line test" duration-ms="74640" started-at="2016-05-21T16:25:46Z" finished-at="2016-05-21T16:27:00Z">
      <class name="zTest.SmokeTest">
        <test-method status="PASS" signature="Facebook()[pri:0, instance:zTest.SmokeTest@f82f98]" name="Facebook" duration-ms="12094" started-at="2016-05-21T12:25:46Z" finished-at="2016-05-21T12:25:58Z">
          <reporter-output>
          </reporter-output>
        </test-method> <!-- Facebook -->
        <test-method status="PASS" signature="Google()[pri:0, instance:zTest.SmokeTest@f82f98]" name="Google" duration-ms="14560" started-at="2016-05-21T12:25:58Z" finished-at="2016-05-21T12:26:12Z">
          <reporter-output>
          </reporter-output>
        </test-method> <!-- Google -->
        <test-method status="PASS" signature="Yahoo()[pri:0, instance:zTest.SmokeTest@f82f98]" name="Yahoo" duration-ms="11530" started-at="2016-05-21T12:26:12Z" finished-at="2016-05-21T12:26:24Z">
          <reporter-output>
          </reporter-output>
        </test-method> <!-- Yahoo -->
        <test-method status="PASS" signature="bbc()[pri:0, instance:zTest.SmokeTest@f82f98]" name="bbc" duration-ms="22223" started-at="2016-05-21T12:26:24Z" finished-at="2016-05-21T12:26:46Z">
          <reporter-output>
          </reporter-output>
        </test-method> <!-- bbc -->
        <test-method status="PASS" signature="msn()[pri:0, instance:zTest.SmokeTest@f82f98]" name="msn" duration-ms="14210" started-at="2016-05-21T12:26:46Z" finished-at="2016-05-21T12:27:00Z">
          <reporter-output>
          </reporter-output>
        </test-method> <!-- msn -->
      </class> <!-- zTest.SmokeTest -->
    </test> <!-- Command line test -->
  </suite> <!-- zTest.SmokeTest -->
</testng-results>
